<?xml version="1.0" encoding="UTF-8"?>
<testsuite xmlns:xsi="http://www.w3.org/2001/XMLSchema-instance" xsi:noNamespaceSchemaLocation="https://maven.apache.org/surefire/maven-surefire-plugin/xsd/surefire-test-report.xsd" name="com.syousui.dao.impl.BookDaoImplTest" time="2.108" tests="3" errors="0" skipped="0" failures="0">
  <properties>
[...]
</properties>
  <testcase name="testFindByBookName" classname="com.syousui.dao.impl.BookDaoImplTest" time="2.072"/>
  <testcase name="testFindAll" classname="com.syousui.dao.impl.BookDaoImplTest" time="0"/>
  <testcase name="testFindByIsbn" classname="com.syousui.dao.impl.BookDaoImplTest" time="0"/>
</testsuite>